<?xml version="1.0" encoding="UTF-8"?>
<!-- Generated by org.testng.reporters.JUnitReportReporter -->
<testsuite skipped="0" hostname="SG" name="qsp.FromQsp" tests="1" failures="0" timestamp="2020-07-10T20:12:34 IST" time="0.006" errors="0">
  <testcase name="f" time="0.006" classname="qsp.FromQsp"/>
</testsuite> <!-- qsp.FromQsp -->
