<?xml version="1.0" encoding="UTF-8"?>
<!-- Generated by org.testng.reporters.JUnitReportReporter -->
<testsuite skipped="0" hostname="SG" name="tests.TestInvalidLogin_TC02" tests="4" failures="0" timestamp="2020-07-09T11:26:53 IST" time="74.045" errors="0">
  <testcase name="testInvalid" time="18.801" classname="tests.TestInvalidLogin_TC02"/>
  <testcase name="testInvalid" time="15.804" classname="tests.TestInvalidLogin_TC02"/>
  <testcase name="testInvalid" time="24.122" classname="tests.TestInvalidLogin_TC02"/>
  <testcase name="testInvalid" time="15.318" classname="tests.TestInvalidLogin_TC02"/>
</testsuite> <!-- tests.TestInvalidLogin_TC02 -->
