<?xml version="1.0" encoding="UTF-8"?>
<!-- Generated by org.testng.reporters.JUnitReportReporter -->
<testsuite skipped="0" hostname="SG" name="tests.BatchExecution2" tests="2" failures="0" timestamp="2020-07-10T20:12:34 IST" time="0.010" errors="0">
  <testcase name="method4" time="0.007" classname="tests.BatchExecution2"/>
  <testcase name="method3" time="0.003" classname="tests.BatchExecution2"/>
</testsuite> <!-- tests.BatchExecution2 -->
