<?xml version="1.0" encoding="UTF-8"?>
<!-- Generated by org.testng.reporters.JUnitReportReporter -->
<testsuite skipped="0" hostname="SG" name="tests.TestParam" tests="6" failures="0" timestamp="2020-07-10T10:13:53 IST" time="109.666" errors="0">
  <testcase name="testInvalid" time="17.069" classname="tests.TestParam"/>
  <testcase name="testInvalid" time="15.116" classname="tests.TestParam"/>
  <testcase name="testInvalid" time="28.211" classname="tests.TestParam"/>
  <testcase name="testInvalid" time="17.468" classname="tests.TestParam"/>
  <testcase name="testInvalid" time="15.146" classname="tests.TestParam"/>
  <testcase name="testInvalid" time="16.656" classname="tests.TestParam"/>
</testsuite> <!-- tests.TestParam -->
