<?xml version="1.0" encoding="UTF-8"?>
<!-- Generated by org.testng.reporters.JUnitReportReporter -->
<testsuite skipped="0" hostname="SG" name="tests.TestGroups" tests="1" failures="0" timestamp="2020-07-10T11:22:46 IST" time="0.025" errors="0">
  <testcase name="TC_02" time="0.025" classname="tests.TestGroups"/>
</testsuite> <!-- tests.TestGroups -->
