<?xml version="1.0" encoding="UTF-8"?>
<!-- Generated by org.testng.reporters.JUnitReportReporter -->
<testsuite skipped="0" hostname="SG" name="tests.DemoAssert" tests="1" failures="0" timestamp="2020-07-11T11:27:17 IST" time="25.410" errors="0">
  <testcase name="testA" time="25.410" classname="tests.DemoAssert"/>
</testsuite> <!-- tests.DemoAssert -->
