<?xml version="1.0" encoding="UTF-8"?>
<!-- Generated by org.testng.reporters.JUnitReportReporter -->
<testsuite skipped="0" hostname="SG" name="tests.DemoSuite" tests="1" failures="0" timestamp="2020-07-09T10:26:08 IST" time="0.021" errors="0">
  <testcase name="f" time="0.021" classname="tests.DemoSuite"/>
</testsuite> <!-- tests.DemoSuite -->
