<?xml version="1.0" encoding="UTF-8"?>
<!-- Generated by org.testng.reporters.JUnitReportReporter -->
<testsuite skipped="1" hostname="SG" name="tests.DemoTestng" tests="2" failures="0" timestamp="2020-07-10T20:12:34 IST" time="0.005" errors="0">
  <testcase name="testA" time="0.005" classname="tests.DemoTestng"/>
  <testcase name="testZ" classname="tests.DemoTestng">
    <skipped/>
  </testcase> <!-- testZ -->
</testsuite> <!-- tests.DemoTestng -->
