<?xml version="1.0" encoding="UTF-8"?>
<!-- Generated by org.testng.reporters.JUnitReportReporter -->
<testsuite skipped="0" hostname="SG" name="tests.BatchExecution1" tests="2" failures="0" timestamp="2020-07-13T11:18:31 IST" time="0.029" errors="0">
  <testcase name="method2" time="0.003" classname="tests.BatchExecution1"/>
  <testcase name="method1" time="0.026" classname="tests.BatchExecution1"/>
</testsuite> <!-- tests.BatchExecution1 -->
