<?xml version="1.0" encoding="UTF-8"?>
<!-- Generated by org.testng.reporters.JUnitReportReporter -->
<testsuite skipped="0" hostname="SG" name="inheritInTestNG.DemoSeleniumGrid" tests="1" failures="0" timestamp="2020-07-13T11:33:54 IST" time="78.645" errors="0">
  <testcase name="demoGrid" time="78.645" classname="inheritInTestNG.DemoSeleniumGrid"/>
</testsuite> <!-- inheritInTestNG.DemoSeleniumGrid -->
