<?xml version="1.0" encoding="UTF-8"?>
<!-- Generated by org.testng.reporters.JUnitReportReporter -->
<testsuite skipped="0" hostname="SG" name="inheritInTestNG.HandlingFrames" tests="1" failures="0" timestamp="2020-07-15T10:43:01 IST" time="29.338" errors="0">
  <testcase name="testA" time="29.338" classname="inheritInTestNG.HandlingFrames"/>
</testsuite> <!-- inheritInTestNG.HandlingFrames -->
