<?xml version="1.0" encoding="UTF-8"?>
<!-- Generated by org.testng.reporters.JUnitReportReporter -->
<testsuite skipped="1" hostname="SG" name="tests.TestValidLogin_TC01" tests="2" failures="0" timestamp="2020-07-14T11:26:21 IST" time="48.181" errors="0">
  <testcase name="testInvalidInput" time="48.181" classname="tests.TestValidLogin_TC01"/>
  <testcase name="testValid" classname="tests.TestValidLogin_TC01">
    <skipped/>
  </testcase> <!-- testValid -->
</testsuite> <!-- tests.TestValidLogin_TC01 -->
