<?xml version="1.0" encoding="UTF-8"?>
<!-- Generated by org.testng.reporters.JUnitReportReporter -->
<testsuite skipped="0" hostname="SG" name="tests.DemoTestng1" tests="4" failures="0" timestamp="2020-07-10T20:12:34 IST" time="0.020" errors="0">
  <testcase name="testTask" time="0.003" classname="tests.DemoTestng1"/>
  <testcase name="testLogin" time="0.012" classname="tests.DemoTestng1"/>
  <testcase name="testLogout" time="0.002" classname="tests.DemoTestng1"/>
  <testcase name="testSignUp" time="0.003" classname="tests.DemoTestng1"/>
</testsuite> <!-- tests.DemoTestng1 -->
