<?xml version="1.0" encoding="UTF-8"?>
<!-- Generated by org.testng.reporters.JUnitReportReporter -->
<testsuite skipped="0" hostname="SG" name="tests.DemoBatchExecution1" tests="2" failures="0" timestamp="2020-07-08T10:18:17 IST" time="0.038" errors="0">
  <testcase name="method2" time="0.006" classname="tests.DemoBatchExecution1"/>
  <testcase name="method1" time="0.032" classname="tests.DemoBatchExecution1"/>
</testsuite> <!-- tests.DemoBatchExecution1 -->
