<?xml version="1.0" encoding="UTF-8"?>
<!-- Generated by org.testng.reporters.JUnitReportReporter -->
<testsuite skipped="1" hostname="SG" name="inheritInTestNG.HandlingXLSheet" tests="2" failures="0" timestamp="2020-07-14T10:59:12 IST" time="1.635" errors="0">
  <testcase name="setXLData" time="1.635" classname="inheritInTestNG.HandlingXLSheet"/>
  <testcase name="getXLData" classname="inheritInTestNG.HandlingXLSheet">
    <skipped/>
  </testcase> <!-- getXLData -->
</testsuite> <!-- inheritInTestNG.HandlingXLSheet -->
